#
# A fatal error has been detected by the Java Runtime Environment:
#
#  EXCEPTION_ACCESS_VIOLATION (0xc0000005) at pc=0x00007fffde7a2126, pid=9000, tid=2436
#
# JRE version: OpenJDK Runtime Environment (15.0.2+7) (build 15.0.2+7-27)
# Java VM: OpenJDK 64-Bit Server VM (15.0.2+7-27, mixed mode, tiered, compressed oops, g1 gc, windows-amd64)
# Problematic frame:
# V  [jvm.dll+0x182126]
#
# No core dump will be written. Minidumps are not enabled by default on client versions of Windows
#
# If you would like to submit a bug report, please visit:
#   https://bugreport.java.com/bugreport/crash.jsp
#

---------------  S U M M A R Y ------------

Command Line: -Dcom.sun.management.jmxremote -Dcom.sun.management.jmxremote.port=61057 -Dcom.sun.management.jmxremote.authenticate=false -Dcom.sun.management.jmxremote.ssl=false -Djava.rmi.server.hostname=localhost -Dspring.jmx.enabled=true -Dspring.application.admin.enabled=true -XX:TieredStopAtLevel=1 -Dspring.boot.project.name=Trabajo-final-ProgVisual -Dfile.encoding=UTF-8 -XX:+ShowCodeDetailsInExceptionMessages ar.edu.unju.fi.tpfinal.TrabajoFinalProgVisualApplication --spring.output.ansi.enabled=always

Host: Intel(R) Core(TM) i3-2330M CPU @ 2.20GHz, 4 cores, 7G,  Windows 10 , 64 bit Build 19041 (10.0.19041.928)
Time: Mon Jun 14 04:04:33 2021 Hora estándar de Argentina elapsed time: 183.510983 seconds (0d 0h 3m 3s)

---------------  T H R E A D  ---------------

Current thread (0x00000282eb7b58b0):  GCTaskThread "GC Thread#2" [stack: 0x000000d0f1400000,0x000000d0f1500000] [id=2436]

Stack: [0x000000d0f1400000,0x000000d0f1500000],  sp=0x000000d0f14fdef8,  free space=1015k
Native frames: (J=compiled Java code, j=interpreted, Vv=VM code, C=native code)
V  [jvm.dll+0x182126]

JavaThread 0x00000282ed3353c0 (nid = 2044) was being processed
Java frames: (J=compiled Java code, j=interpreted, Vv=VM code)
v  ~RuntimeStub::new_type_array Runtime1 stub
J 238 c1 java.lang.StringLatin1.toLowerCase(Ljava/lang/String;[BLjava/util/Locale;)Ljava/lang/String; java.base@15.0.2 (186 bytes) @ 0x00000282d4c6f145 [0x00000282d4c6ed20+0x0000000000000425]
J 277 c1 java.lang.String.toLowerCase(Ljava/util/Locale;)Ljava/lang/String; java.base@15.0.2 (29 bytes) @ 0x00000282d4c79fa4 [0x00000282d4c79f40+0x0000000000000064]
J 5860 c1 org.springframework.boot.devtools.filewatch.FileSnapshot.hashCode()I (49 bytes) @ 0x00000282d550cf14 [0x00000282d550cec0+0x0000000000000054]
J 109 c1 java.util.HashMap.getNode(Ljava/lang/Object;)Ljava/util/HashMap$Node; java.base@15.0.2 (150 bytes) @ 0x00000282d4c4ce64 [0x00000282d4c4cde0+0x0000000000000084]
J 124 c1 java.util.HashMap.containsKey(Ljava/lang/Object;)Z java.base@15.0.2 (14 bytes) @ 0x00000282d4c54154 [0x00000282d4c54120+0x0000000000000034]
J 1975 c1 java.util.HashSet.contains(Ljava/lang/Object;)Z java.base@15.0.2 (9 bytes) @ 0x00000282d4ef88e4 [0x00000282d4ef88a0+0x0000000000000044]
J 5875 c1 java.util.AbstractCollection.containsAll(Ljava/util/Collection;)Z java.base@15.0.2 (38 bytes) @ 0x00000282d551355c [0x00000282d55134e0+0x000000000000007c]
J 5900 c1 java.util.AbstractSet.equals(Ljava/lang/Object;)Z java.base@15.0.2 (45 bytes) @ 0x00000282d551a634 [0x00000282d551a4e0+0x0000000000000154]
J 5948 c1 java.util.Collections$UnmodifiableSet.equals(Ljava/lang/Object;)Z java.base@15.0.2 (24 bytes) @ 0x00000282d552bd6c [0x00000282d552bd20+0x000000000000004c]
J 5947 c1 org.springframework.boot.devtools.filewatch.DirectorySnapshot.equals(Lorg/springframework/boot/devtools/filewatch/DirectorySnapshot;Ljava/io/FileFilter;)Z (46 bytes) @ 0x00000282d552b8c4 [0x00000282d552b760+0x0000000000000164]
J 5946 c1 org.springframework.boot.devtools.filewatch.FileSystemWatcher$Watcher.isDifferent(Ljava/util/Map;Ljava/util/Map;)Z (105 bytes) @ 0x00000282d552b12c [0x00000282d552af40+0x00000000000001ec]
j  org.springframework.boot.devtools.filewatch.FileSystemWatcher$Watcher.scan()V+34
j  org.springframework.boot.devtools.filewatch.FileSystemWatcher$Watcher.run()V+30
j  java.lang.Thread.run()V+11 java.base@15.0.2
v  ~StubRoutines::call_stub

siginfo: EXCEPTION_ACCESS_VIOLATION (0xc0000005), reading address 0x00000003130b93a8


Register to memory mapping:

RIP=0x00007fffde7a2126 jvm.dll
RAX=0x0000000000000001 is an unknown value
RBX=0x5c6c616e69665c31 is an unknown value
RCX=0x0000000085fb8380 is pointing into object: [B 
{0x0000000085fb8358} - klass: {type array byte}
 - length: 124
RDX=0x0000000085fb8380 is pointing into object: [B 
{0x0000000085fb8358} - klass: {type array byte}
 - length: 124
RSP=0x000000d0f14fdef8 points into unknown readable memory: 0x00007fffde8f13a9 | a9 13 8f de ff 7f 00 00
RBP=0x00000282eb8189d0 points into unknown readable memory: 0x00007fffdeeaa708 | 08 a7 ea de ff 7f 00 00
RSI=0x000000d0f25fede8 is pointing into the stack for thread: 0x00000282ed3353c0
RDI=0x0000000000000001 is an unknown value
R8 =0x0000000085fb8380 is pointing into object: [B 
{0x0000000085fb8358} - klass: {type array byte}
 - length: 124
R9 =0x00000003130b93a0 is an unknown value
R10=0x0000000000000958 is an unknown value
R11=0x0000000000000001 is an unknown value
R12=0x00000282ed432008 points into unknown readable memory: 0x00007fffdeeac2d0 | d0 c2 ea de ff 7f 00 00
R13=0x0000000000000003 is an unknown value
R14=0x000000d0f14fe190 points into unknown readable memory: 0x000000d0f25fed78 | 78 ed 5f f2 d0 00 00 00
R15=0x0000000085fb8380 is pointing into object: [B 
{0x0000000085fb8358} - klass: {type array byte}
 - length: 124


Registers:
RAX=0x0000000000000001, RBX=0x5c6c616e69665c31, RCX=0x0000000085fb8380, RDX=0x0000000085fb8380
RSP=0x000000d0f14fdef8, RBP=0x00000282eb8189d0, RSI=0x000000d0f25fede8, RDI=0x0000000000000001
R8 =0x0000000085fb8380, R9 =0x00000003130b93a0, R10=0x0000000000000958, R11=0x0000000000000001
R12=0x00000282ed432008, R13=0x0000000000000003, R14=0x000000d0f14fe190, R15=0x0000000085fb8380
RIP=0x00007fffde7a2126, EFLAGS=0x0000000000010206

Top of Stack: (sp=0x000000d0f14fdef8)
0x000000d0f14fdef8:   00007fffde8f13a9 0000000000000009
0x000000d0f14fdf08:   0000000000000018 00000282eb8189d0
0x000000d0f14fdf18:   00000282ed61bbd0 00000282d0b6d810
0x000000d0f14fdf28:   00007fffde8b6f51 0000000000000001
0x000000d0f14fdf38:   0000000000000001 00000000f14fdff0
0x000000d0f14fdf48:   000000d0f14f0001 000000d0f14fdff0
0x000000d0f14fdf58:   00007fffde8b6a4c 0000000085676700
0x000000d0f14fdf68:   00000282d0c01020 000000d0f14fe190
0x000000d0f14fdf78:   0000000000000958 0000000000000003
0x000000d0f14fdf88:   00000282ed432008 0000000085fb8380
0x000000d0f14fdf98:   0000000000000003 00000282ed432008
0x000000d0f14fdfa8:   00007fffde90193d 00000282ed432008
0x000000d0f14fdfb8:   00000282eb810001 000000d0f25fee00
0x000000d0f14fdfc8:   0000000000000000 0000000000000002
0x000000d0f14fdfd8:   00007fffdec386f8 000000d0f25fede8
0x000000d0f14fdfe8:   00000282eb810001 00000282eb812880 

Instructions: (pc=0x00007fffde7a2126)
0x00007fffde7a2026:   40 48 8b 74 24 48 48 83 c4 30 5f c3 48 8b 07 48
0x00007fffde7a2036:   8d 54 24 20 48 89 4c 24 28 48 8b cf 48 89 5c 24
0x00007fffde7a2046:   20 ff 50 38 48 8b 5c 24 40 48 8b 74 24 48 48 83
0x00007fffde7a2056:   c4 30 5f c3 cc cc cc cc cc cc 48 89 5c 24 08 57
0x00007fffde7a2066:   48 83 ec 30 48 8b 02 48 8b f9 48 8b ca 48 8b da
0x00007fffde7a2076:   ff 50 38 84 c0 74 48 0f 10 83 70 03 00 00 66 0f
0x00007fffde7a2086:   73 d8 08 66 48 0f 7e c0 48 85 c0 74 32 0f 10 83
0x00007fffde7a2096:   70 03 00 00 48 8b 07 48 8d 54 24 20 48 8b cf 0f
0x00007fffde7a20a6:   29 44 24 20 ff 50 40 33 c0 48 89 44 24 20 48 89
0x00007fffde7a20b6:   44 24 28 0f 10 44 24 20 0f 11 83 70 03 00 00 48
0x00007fffde7a20c6:   8b 5c 24 40 48 83 c4 30 5f c3 48 8b 49 40 48 8b
0x00007fffde7a20d6:   01 48 ff 60 28 cc cc cc cc cc 80 3d fa 0e 90 00
0x00007fffde7a20e6:   00 48 8b c1 74 1b 8b 51 08 8b 0d 2b 99 87 00 48
0x00007fffde7a20f6:   d3 e2 48 8b c8 48 03 15 16 99 87 00 e9 19 00 00
0x00007fffde7a2106:   00 48 8b 51 08 48 8b c8 e9 0d 00 00 00 cc cc cc
0x00007fffde7a2116:   cc cc cc cc cc cc cc cc cc cc 4c 8b ca 48 8b d1
0x00007fffde7a2126:   45 8b 41 08 45 85 c0 7e 0e 41 f6 c0 01 75 56 41
0x00007fffde7a2136:   c1 f8 03 41 8b c0 c3 79 4c 80 3d 9b 0e 90 00 00
0x00007fffde7a2146:   b8 0c 00 00 00 b9 10 00 00 00 0f 45 c8 8b 05 9b
0x00007fffde7a2156:   a8 87 00 ff c8 4c 63 c8 48 63 14 11 41 8b c8 83
0x00007fffde7a2166:   e1 3f 48 d3 e2 41 8b c8 48 c1 f9 10 0f b6 c1 49
0x00007fffde7a2176:   8d 0c 11 49 f7 d1 48 03 c1 49 c1 e9 03 48 c1 e8
0x00007fffde7a2186:   03 41 23 c1 c3 49 8b 01 49 8b c9 48 ff a0 f0 00
0x00007fffde7a2196:   00 00 cc cc cc cc cc cc cc cc 48 83 ec 38 0f 10
0x00007fffde7a21a6:   02 48 8b 49 40 48 8d 54 24 20 0f 29 44 24 20 e8
0x00007fffde7a21b6:   16 f3 ff ff 48 83 c4 38 c3 cc 48 83 ec 38 0f 10
0x00007fffde7a21c6:   02 48 8b 01 48 8d 54 24 20 0f 29 44 24 20 ff 50
0x00007fffde7a21d6:   38 48 83 c4 38 c3 cc cc cc cc 48 89 5c 24 08 55
0x00007fffde7a21e6:   56 57 41 54 41 55 41 56 41 57 48 8d 6c 24 e0 48
0x00007fffde7a21f6:   81 ec 20 01 00 00 48 8b 05 15 dc 8a 00 48 33 c4
0x00007fffde7a2206:   48 89 45 10 48 8b 05 4f 18 8d 00 45 33 ed 4c 8b
0x00007fffde7a2216:   b5 80 00 00 00 4c 8b fa 48 8b bd 88 00 00 00 4d 


Stack slot to memory mapping:
stack at sp + 0 slots: 0x00007fffde8f13a9 jvm.dll
stack at sp + 1 slots: 0x0000000000000009 is an unknown value
stack at sp + 2 slots: 0x0000000000000018 is an unknown value
stack at sp + 3 slots: 0x00000282eb8189d0 points into unknown readable memory: 0x00007fffdeeaa708 | 08 a7 ea de ff 7f 00 00
stack at sp + 4 slots: 0x00000282ed61bbd0 points into unknown readable memory: 0x6c2f6176616a4c28 | 28 4c 6a 61 76 61 2f 6c
stack at sp + 5 slots: 0x00000282d0b6d810 points into unknown readable memory: 0x00000282d0b80380 | 80 03 b8 d0 82 02 00 00
stack at sp + 6 slots: 0x00007fffde8b6f51 jvm.dll
stack at sp + 7 slots: 0x0000000000000001 is an unknown value


---------------  P R O C E S S  ---------------

Threads class SMR info:
_java_thread_list=0x00000282ef5abcd0, length=36, elements={
0x00000282ea5fe390, 0x00000282ea603500, 0x00000282eae1f790, 0x00000282ea606430,
0x00000282ea6085a0, 0x00000282eae617b0, 0x00000282eae62850, 0x00000282eaf7b8c0,
0x00000282eaf7a580, 0x00000282eaf7bd90, 0x00000282eaf7aa50, 0x00000282eaf79be0,
0x00000282eaf7d5a0, 0x00000282eaf7af20, 0x00000282eaf7c730, 0x00000282eaf7cc00,
0x00000282ed339bf0, 0x00000282ed339250, 0x00000282ed337f10, 0x00000282ed33a0c0,
0x00000282ed3353c0, 0x00000282ed33a590, 0x00000282ed334080, 0x00000282ed33aa60,
0x00000282ed33af30, 0x00000282ed336700, 0x00000282ed335d60, 0x00000282ed3383e0,
0x00000282ed33b400, 0x00000282ed336bd0, 0x00000282ed335890, 0x00000282ed3370a0,
0x00000282ed336230, 0x00000282ed33b8d0, 0x00000282ed334550, 0x00000282ef66d3a0
}

Java Threads: ( => current thread )
  0x00000282ea5fe390 JavaThread "Reference Handler" daemon [_thread_blocked, id=804, stack(0x000000d0f0600000,0x000000d0f0700000)]
  0x00000282ea603500 JavaThread "Finalizer" daemon [_thread_blocked, id=3844, stack(0x000000d0f0700000,0x000000d0f0800000)]
  0x00000282eae1f790 JavaThread "Signal Dispatcher" daemon [_thread_blocked, id=6468, stack(0x000000d0f0800000,0x000000d0f0900000)]
  0x00000282ea606430 JavaThread "Attach Listener" daemon [_thread_blocked, id=5168, stack(0x000000d0f0900000,0x000000d0f0a00000)]
  0x00000282ea6085a0 JavaThread "Service Thread" daemon [_thread_blocked, id=11016, stack(0x000000d0f0a00000,0x000000d0f0b00000)]
  0x00000282eae617b0 JavaThread "C1 CompilerThread0" daemon [_thread_blocked, id=7536, stack(0x000000d0f0b00000,0x000000d0f0c00000)]
  0x00000282eae62850 JavaThread "Sweeper thread" daemon [_thread_blocked, id=3860, stack(0x000000d0f0c00000,0x000000d0f0d00000)]
  0x00000282eaf7b8c0 JavaThread "Common-Cleaner" daemon [_thread_blocked, id=3232, stack(0x000000d0f0d00000,0x000000d0f0e00000)]
  0x00000282eaf7a580 JavaThread "Notification Thread" daemon [_thread_blocked, id=9560, stack(0x000000d0f0e00000,0x000000d0f0f00000)]
  0x00000282eaf7bd90 JavaThread "RMI TCP Accept-0" daemon [_thread_in_native, id=7424, stack(0x000000d0f0f00000,0x000000d0f1000000)]
  0x00000282eaf7aa50 JavaThread "RMI TCP Accept-61057" daemon [_thread_in_native, id=6428, stack(0x000000d0f1000000,0x000000d0f1100000)]
  0x00000282eaf79be0 JavaThread "RMI TCP Accept-0" daemon [_thread_in_native, id=10804, stack(0x000000d0f1100000,0x000000d0f1200000)]
  0x00000282eaf7d5a0 JavaThread "RMI Scheduler(0)" daemon [_thread_blocked, id=8584, stack(0x000000d0f1800000,0x000000d0f1900000)]
  0x00000282eaf7af20 JavaThread "JMX server connection timeout 20" daemon [_thread_blocked, id=3924, stack(0x000000d0f1a00000,0x000000d0f1b00000)]
  0x00000282eaf7c730 JavaThread "Catalina-utility-1" [_thread_blocked, id=7044, stack(0x000000d0f1d00000,0x000000d0f1e00000)]
  0x00000282eaf7cc00 JavaThread "Catalina-utility-2" [_thread_blocked, id=696, stack(0x000000d0f1f00000,0x000000d0f2000000)]
  0x00000282ed339bf0 JavaThread "container-0" [_thread_blocked, id=5260, stack(0x000000d0f2000000,0x000000d0f2100000)]
  0x00000282ed339250 JavaThread "mysql-cj-abandoned-connection-cleanup" daemon [_thread_blocked, id=3440, stack(0x000000d0f2100000,0x000000d0f2200000)]
  0x00000282ed337f10 JavaThread "HikariPool-1 housekeeper" daemon [_thread_blocked, id=9424, stack(0x000000d0f2300000,0x000000d0f2400000)]
  0x00000282ed33a0c0 JavaThread "Live Reload Server" daemon [_thread_in_native, id=5716, stack(0x000000d0f2600000,0x000000d0f2700000)]
  0x00000282ed3353c0 JavaThread "File Watcher" daemon [_thread_blocked, id=2044, stack(0x000000d0f2500000,0x000000d0f2600000)]
  0x00000282ed33a590 JavaThread "http-nio-8080-BlockPoller" daemon [_thread_in_native, id=5028, stack(0x000000d0f2700000,0x000000d0f2800000)]
  0x00000282ed334080 JavaThread "http-nio-8080-exec-1" daemon [_thread_blocked, id=9556, stack(0x000000d0f2800000,0x000000d0f2900000)]
  0x00000282ed33aa60 JavaThread "http-nio-8080-exec-2" daemon [_thread_blocked, id=7452, stack(0x000000d0f2900000,0x000000d0f2a00000)]
  0x00000282ed33af30 JavaThread "http-nio-8080-exec-3" daemon [_thread_blocked, id=6216, stack(0x000000d0f2a00000,0x000000d0f2b00000)]
  0x00000282ed336700 JavaThread "http-nio-8080-exec-4" daemon [_thread_blocked, id=11052, stack(0x000000d0f2b00000,0x000000d0f2c00000)]
  0x00000282ed335d60 JavaThread "http-nio-8080-exec-5" daemon [_thread_blocked, id=5252, stack(0x000000d0f2c00000,0x000000d0f2d00000)]
  0x00000282ed3383e0 JavaThread "http-nio-8080-exec-6" daemon [_thread_blocked, id=5932, stack(0x000000d0f2d00000,0x000000d0f2e00000)]
  0x00000282ed33b400 JavaThread "http-nio-8080-exec-7" daemon [_thread_blocked, id=3420, stack(0x000000d0f2e00000,0x000000d0f2f00000)]
  0x00000282ed336bd0 JavaThread "http-nio-8080-exec-8" daemon [_thread_blocked, id=10028, stack(0x000000d0f2f00000,0x000000d0f3000000)]
  0x00000282ed335890 JavaThread "http-nio-8080-exec-9" daemon [_thread_blocked, id=10764, stack(0x000000d0f3000000,0x000000d0f3100000)]
  0x00000282ed3370a0 JavaThread "http-nio-8080-exec-10" daemon [_thread_blocked, id=2344, stack(0x000000d0f3100000,0x000000d0f3200000)]
  0x00000282ed336230 JavaThread "http-nio-8080-ClientPoller" daemon [_thread_in_native, id=5248, stack(0x000000d0f3200000,0x000000d0f3300000)]
  0x00000282ed33b8d0 JavaThread "http-nio-8080-Acceptor" daemon [_thread_in_native, id=7980, stack(0x000000d0f3300000,0x000000d0f3400000)]
  0x00000282ed334550 JavaThread "DestroyJavaVM" [_thread_blocked, id=8420, stack(0x000000d0eff00000,0x000000d0f0000000)]
  0x00000282ef66d3a0 JavaThread "RMI TCP Connection(10)-127.0.0.1" daemon [_thread_in_native, id=348, stack(0x000000d0f3700000,0x000000d0f3800000)]

Other Threads:
  0x00000282ea5e96a0 VMThread "VM Thread" [stack: 0x000000d0f0500000,0x000000d0f0600000] [id=9568]
  0x00000282d0b72c30 WatcherThread [stack: 0x000000d0f1200000,0x000000d0f1300000] [id=2768]
  0x00000282d0bb2b30 GCTaskThread "GC Thread#0" [stack: 0x000000d0f0000000,0x000000d0f0100000] [id=8176]
  0x00000282eb7b5250 GCTaskThread "GC Thread#1" [stack: 0x000000d0f1300000,0x000000d0f1400000] [id=10696]
=>0x00000282eb7b58b0 GCTaskThread "GC Thread#2" [stack: 0x000000d0f1400000,0x000000d0f1500000] [id=2436]
  0x00000282eb7b68a0 GCTaskThread "GC Thread#3" [stack: 0x000000d0f1e00000,0x000000d0f1f00000] [id=10168]
  0x00000282d0bc3f30 ConcurrentGCThread "G1 Main Marker" [stack: 0x000000d0f0100000,0x000000d0f0200000] [id=2864]
  0x00000282d0bc47f0 ConcurrentGCThread "G1 Conc#0" [stack: 0x000000d0f0200000,0x000000d0f0300000] [id=2540]
  0x00000282d0c3e1b0 ConcurrentGCThread "G1 Refine#0" [stack: 0x000000d0f0300000,0x000000d0f0400000] [id=7600]
  0x00000282eb7035f0 ConcurrentGCThread "G1 Refine#1" [stack: 0x000000d0f1500000,0x000000d0f1600000] [id=8720]
  0x00000282eb6f4030 ConcurrentGCThread "G1 Refine#2" [stack: 0x000000d0f1700000,0x000000d0f1800000] [id=7688]
  0x00000282d0c3ea00 ConcurrentGCThread "G1 Young RemSet Sampling" [stack: 0x000000d0f0400000,0x000000d0f0500000] [id=8888]

Threads with active compile tasks:

VM state: at safepoint (normal execution)

VM Mutex/Monitor currently owned by a thread:  ([mutex/lock_event])
[0x00000282d0b6bec0] Threads_lock - owner thread: 0x00000282ea5e96a0
[0x00000282d0b6c190] Heap_lock - owner thread: 0x00000282ed3353c0

Heap address: 0x0000000081600000, size: 2026 MB, Compressed Oops mode: 32-bit
CDS disabled.
Compressed class space mapped at: 0x0000000100000000-0x0000000140000000, size: 1073741824
Narrow klass base: 0x0000000000000000, Narrow klass shift: 3, Narrow klass range: 0x140000000

GC Precious Log:
 CPUs: 4 total, 4 available
 Memory: 8101M
 Large Page Support: Disabled
 NUMA Support: Disabled
 Compressed Oops: Enabled (32-bit)
 Heap Region Size: 1M
 Heap Min Capacity: 8M
 Heap Initial Capacity: 128M
 Heap Max Capacity: 2026M
 Pre-touch: Disabled
 Parallel Workers: 4
 Concurrent Workers: 1
 Concurrent Refinement Workers: 4
 Periodic GC: Disabled

Heap:
 garbage-first heap   total 86016K, used 46072K [0x0000000081600000, 0x0000000100000000)
  region size 1024K, 23 young (23552K), 4 survivors (4096K)
 Metaspace       used 63189K, capacity 63826K, committed 64124K, reserved 1105920K
  class space    used 8141K, capacity 8347K, committed 8396K, reserved 1048576K

Heap Regions: E=young(eden), S=young(survivor), O=old, HS=humongous(starts), HC=humongous(continues), CS=collection set, F=free, OA=open archive, CA=closed archive, TAMS=top-at-mark-start (previous, next)
|   0|0x0000000081600000, 0x0000000081700000, 0x0000000081700000|100%|HS|  |TAMS 0x0000000081700000, 0x0000000081700000| Complete 
|   1|0x0000000081700000, 0x0000000081800000, 0x0000000081800000|100%| O|  |TAMS 0x0000000081800000, 0x0000000081800000| Untracked 
|   2|0x0000000081800000, 0x0000000081900000, 0x0000000081900000|100%| O|  |TAMS 0x0000000081900000, 0x0000000081900000| Untracked 
|   3|0x0000000081900000, 0x0000000081a00000, 0x0000000081a00000|100%| O|  |TAMS 0x0000000081a00000, 0x0000000081a00000| Untracked 
|   4|0x0000000081a00000, 0x0000000081b00000, 0x0000000081b00000|100%| O|  |TAMS 0x0000000081b00000, 0x0000000081b00000| Untracked 
|   5|0x0000000081b00000, 0x0000000081c00000, 0x0000000081c00000|100%| O|  |TAMS 0x0000000081c00000, 0x0000000081c00000| Untracked 
|   6|0x0000000081c00000, 0x0000000081c91200, 0x0000000081d00000| 56%| O|  |TAMS 0x0000000081c91200, 0x0000000081c91200| Untracked 
|   7|0x0000000081d00000, 0x0000000081e00000, 0x0000000081e00000|100%| O|  |TAMS 0x0000000081e00000, 0x0000000081e00000| Untracked 
|   8|0x0000000081e00000, 0x0000000081f00000, 0x0000000081f00000|100%| O|  |TAMS 0x0000000081f00000, 0x0000000081f00000| Untracked 
|   9|0x0000000081f00000, 0x0000000082000000, 0x0000000082000000|100%| O|  |TAMS 0x0000000082000000, 0x0000000082000000| Untracked 
|  10|0x0000000082000000, 0x0000000082100000, 0x0000000082100000|100%| O|  |TAMS 0x0000000082100000, 0x0000000082100000| Untracked 
|  11|0x0000000082100000, 0x0000000082200000, 0x0000000082200000|100%| O|  |TAMS 0x0000000082200000, 0x0000000082200000| Untracked 
|  12|0x0000000082200000, 0x0000000082300000, 0x0000000082300000|100%| O|  |TAMS 0x0000000082300000, 0x0000000082300000| Untracked 
|  13|0x0000000082300000, 0x0000000082400000, 0x0000000082400000|100%| O|  |TAMS 0x0000000082397600, 0x0000000082400000| Untracked 
|  14|0x0000000082400000, 0x00000000824d8000, 0x0000000082500000| 84%| O|  |TAMS 0x0000000082400000, 0x00000000824d8000| Untracked 
|  15|0x0000000082500000, 0x0000000082600000, 0x0000000082600000|100%| O|  |TAMS 0x0000000082500000, 0x0000000082600000| Untracked 
|  16|0x0000000082600000, 0x0000000082700000, 0x0000000082700000|100%| O|  |TAMS 0x0000000082600000, 0x0000000082700000| Untracked 
|  17|0x0000000082700000, 0x0000000082800000, 0x0000000082800000|100%| O|  |TAMS 0x0000000082700000, 0x0000000082800000| Untracked 
|  18|0x0000000082800000, 0x0000000082900000, 0x0000000082900000|100%| O|  |TAMS 0x0000000082800000, 0x0000000082900000| Untracked 
|  19|0x0000000082900000, 0x0000000082a00000, 0x0000000082a00000|100%| O|  |TAMS 0x0000000082900000, 0x0000000082a00000| Untracked 
|  20|0x0000000082a00000, 0x0000000082b00000, 0x0000000082b00000|100%| O|  |TAMS 0x0000000082a00000, 0x0000000082b00000| Untracked 
|  21|0x0000000082b00000, 0x0000000082c00000, 0x0000000082c00000|100%| O|  |TAMS 0x0000000082b00000, 0x0000000082bcca00| Untracked 
|  22|0x0000000082c00000, 0x0000000082d00000, 0x0000000082d00000|100%| O|  |TAMS 0x0000000082c00000, 0x0000000082c00000| Untracked 
|  23|0x0000000082d00000, 0x0000000082defe58, 0x0000000082e00000| 93%| O|  |TAMS 0x0000000082d00000, 0x0000000082d00000| Untracked 
|  24|0x0000000082e00000, 0x0000000082e00000, 0x0000000082f00000|  0%| F|  |TAMS 0x0000000082e00000, 0x0000000082e00000| Untracked 
|  25|0x0000000082f00000, 0x0000000082f00000, 0x0000000083000000|  0%| F|  |TAMS 0x0000000082f00000, 0x0000000082f00000| Untracked 
|  26|0x0000000083000000, 0x0000000083000000, 0x0000000083100000|  0%| F|  |TAMS 0x0000000083000000, 0x0000000083000000| Untracked 
|  27|0x0000000083100000, 0x0000000083100000, 0x0000000083200000|  0%| F|  |TAMS 0x0000000083100000, 0x0000000083100000| Untracked 
|  28|0x0000000083200000, 0x0000000083200000, 0x0000000083300000|  0%| F|  |TAMS 0x0000000083200000, 0x0000000083200000| Untracked 
|  29|0x0000000083300000, 0x0000000083300000, 0x0000000083400000|  0%| F|  |TAMS 0x0000000083300000, 0x0000000083300000| Untracked 
|  30|0x0000000083400000, 0x0000000083400000, 0x0000000083500000|  0%| F|  |TAMS 0x0000000083400000, 0x0000000083400000| Untracked 
|  31|0x0000000083500000, 0x0000000083600000, 0x0000000083600000|100%| E|CS|TAMS 0x0000000083500000, 0x0000000083600000| Complete 
|  32|0x0000000083600000, 0x0000000083700000, 0x0000000083700000|100%| E|CS|TAMS 0x0000000083600000, 0x0000000083700000| Complete 
|  33|0x0000000083700000, 0x0000000083800000, 0x0000000083800000|100%| E|CS|TAMS 0x0000000083700000, 0x0000000083800000| Complete 
|  34|0x0000000083800000, 0x0000000083800000, 0x0000000083900000|  0%| F|  |TAMS 0x0000000083800000, 0x0000000083800000| Untracked 
|  35|0x0000000083900000, 0x0000000083900000, 0x0000000083a00000|  0%| F|  |TAMS 0x0000000083900000, 0x0000000083900000| Untracked 
|  36|0x0000000083a00000, 0x0000000083b00000, 0x0000000083b00000|100%| E|CS|TAMS 0x0000000083a00000, 0x0000000083b00000| Complete 
|  37|0x0000000083b00000, 0x0000000083c00000, 0x0000000083c00000|100%| E|CS|TAMS 0x0000000083b00000, 0x0000000083c00000| Complete 
|  38|0x0000000083c00000, 0x0000000083c00000, 0x0000000083d00000|  0%| F|  |TAMS 0x0000000083c00000, 0x0000000083c00000| Untracked 
|  39|0x0000000083d00000, 0x0000000083d00000, 0x0000000083e00000|  0%| F|  |TAMS 0x0000000083d00000, 0x0000000083d00000| Untracked 
|  40|0x0000000083e00000, 0x0000000083e00000, 0x0000000083f00000|  0%| F|  |TAMS 0x0000000083e00000, 0x0000000083e00000| Untracked 
|  41|0x0000000083f00000, 0x0000000083f00000, 0x0000000084000000|  0%| F|  |TAMS 0x0000000083f00000, 0x0000000083f00000| Untracked 
|  42|0x0000000084000000, 0x0000000084000000, 0x0000000084100000|  0%| F|  |TAMS 0x0000000084000000, 0x0000000084000000| Untracked 
|  43|0x0000000084100000, 0x0000000084100000, 0x0000000084200000|  0%| F|  |TAMS 0x0000000084100000, 0x0000000084100000| Untracked 
|  44|0x0000000084200000, 0x0000000084200000, 0x0000000084300000|  0%| F|  |TAMS 0x0000000084200000, 0x0000000084200000| Untracked 
|  45|0x0000000084300000, 0x0000000084300000, 0x0000000084400000|  0%| F|  |TAMS 0x0000000084300000, 0x0000000084300000| Untracked 
|  46|0x0000000084400000, 0x0000000084400000, 0x0000000084500000|  0%| F|  |TAMS 0x0000000084400000, 0x0000000084400000| Untracked 
|  47|0x0000000084500000, 0x0000000084500000, 0x0000000084600000|  0%| F|  |TAMS 0x0000000084500000, 0x0000000084500000| Untracked 
|  48|0x0000000084600000, 0x0000000084600000, 0x0000000084700000|  0%| F|  |TAMS 0x0000000084600000, 0x0000000084600000| Untracked 
|  49|0x0000000084700000, 0x0000000084700000, 0x0000000084800000|  0%| F|  |TAMS 0x0000000084700000, 0x0000000084700000| Untracked 
|  50|0x0000000084800000, 0x0000000084800000, 0x0000000084900000|  0%| F|  |TAMS 0x0000000084800000, 0x0000000084800000| Untracked 
|  51|0x0000000084900000, 0x0000000084900000, 0x0000000084a00000|  0%| F|  |TAMS 0x0000000084900000, 0x0000000084900000| Untracked 
|  52|0x0000000084a00000, 0x0000000084a00000, 0x0000000084b00000|  0%| F|  |TAMS 0x0000000084a00000, 0x0000000084a00000| Untracked 
|  53|0x0000000084b00000, 0x0000000084b00000, 0x0000000084c00000|  0%| F|  |TAMS 0x0000000084b00000, 0x0000000084b00000| Untracked 
|  54|0x0000000084c00000, 0x0000000084c00000, 0x0000000084d00000|  0%| F|  |TAMS 0x0000000084c00000, 0x0000000084c00000| Untracked 
|  55|0x0000000084d00000, 0x0000000084d00000, 0x0000000084e00000|  0%| F|  |TAMS 0x0000000084d00000, 0x0000000084d00000| Untracked 
|  56|0x0000000084e00000, 0x0000000084e00000, 0x0000000084f00000|  0%| F|  |TAMS 0x0000000084e00000, 0x0000000084e00000| Untracked 
|  57|0x0000000084f00000, 0x0000000084f00000, 0x0000000085000000|  0%| F|  |TAMS 0x0000000084f00000, 0x0000000084f00000| Untracked 
|  58|0x0000000085000000, 0x0000000085000000, 0x0000000085100000|  0%| F|  |TAMS 0x0000000085000000, 0x0000000085000000| Untracked 
|  59|0x0000000085100000, 0x0000000085100000, 0x0000000085200000|  0%| F|  |TAMS 0x0000000085100000, 0x0000000085100000| Untracked 
|  60|0x0000000085200000, 0x0000000085200000, 0x0000000085300000|  0%| F|  |TAMS 0x0000000085200000, 0x0000000085200000| Untracked 
|  61|0x0000000085300000, 0x0000000085376700, 0x0000000085400000| 46%| S|  |TAMS 0x0000000085300000, 0x0000000085300000| Complete 
|  62|0x0000000085400000, 0x0000000085500000, 0x0000000085500000|100%| S|  |TAMS 0x0000000085400000, 0x0000000085400000| Complete 
|  63|0x0000000085500000, 0x0000000085600000, 0x0000000085600000|100%| S|  |TAMS 0x0000000085500000, 0x0000000085500000| Complete 
|  64|0x0000000085600000, 0x0000000085700000, 0x0000000085700000|100%| S|  |TAMS 0x0000000085600000, 0x0000000085600000| Complete 
|  65|0x0000000085700000, 0x00000000857c84b0, 0x0000000085800000| 78%| E|CS|TAMS 0x0000000085700000, 0x00000000857c84b0| Complete 
|  66|0x0000000085800000, 0x0000000085900000, 0x0000000085900000|100%| E|CS|TAMS 0x0000000085800000, 0x0000000085900000| Complete 
|  67|0x0000000085900000, 0x0000000085a00000, 0x0000000085a00000|100%| E|CS|TAMS 0x0000000085900000, 0x0000000085a00000| Complete 
|  68|0x0000000085a00000, 0x0000000085b00000, 0x0000000085b00000|100%| E|CS|TAMS 0x0000000085a00000, 0x0000000085b00000| Complete 
|  69|0x0000000085b00000, 0x0000000085c00000, 0x0000000085c00000|100%| E|CS|TAMS 0x0000000085b00000, 0x0000000085c00000| Complete 
|  70|0x0000000085c00000, 0x0000000085d00000, 0x0000000085d00000|100%| E|CS|TAMS 0x0000000085c00000, 0x0000000085d00000| Complete 
|  71|0x0000000085d00000, 0x0000000085e00000, 0x0000000085e00000|100%| E|CS|TAMS 0x0000000085d00000, 0x0000000085e00000| Complete 
|  72|0x0000000085e00000, 0x0000000085f00000, 0x0000000085f00000|100%| E|CS|TAMS 0x0000000085e00000, 0x0000000085f00000| Complete 
|  73|0x0000000085f00000, 0x0000000086000000, 0x0000000086000000|100%| E|CS|TAMS 0x0000000085f00000, 0x0000000086000000| Complete 
|  74|0x0000000086000000, 0x0000000086100000, 0x0000000086100000|100%| E|CS|TAMS 0x0000000086000000, 0x0000000086100000| Complete 
|  75|0x0000000086100000, 0x0000000086200000, 0x0000000086200000|100%| E|CS|TAMS 0x0000000086100000, 0x0000000086200000| Complete 
|  76|0x0000000086200000, 0x0000000086300000, 0x0000000086300000|100%| E|CS|TAMS 0x0000000086200000, 0x0000000086300000| Complete 
|  77|0x0000000086300000, 0x0000000086400000, 0x0000000086400000|100%| E|CS|TAMS 0x0000000086300000, 0x0000000086400000| Complete 
|  78|0x0000000086400000, 0x0000000086500000, 0x0000000086500000|100%| E|CS|TAMS 0x0000000086400000, 0x0000000086500000| Complete 
|  81|0x0000000086700000, 0x0000000086800000, 0x0000000086800000|100%| E|CS|TAMS 0x0000000086700000, 0x0000000086800000| Complete 
|  82|0x0000000086800000, 0x0000000086900000, 0x0000000086900000|100%| E|CS|TAMS 0x0000000086800000, 0x0000000086900000| Complete 
|  83|0x0000000086900000, 0x0000000086a00000, 0x0000000086a00000|100%| E|CS|TAMS 0x0000000086900000, 0x0000000086a00000| Complete 
| 126|0x0000000089400000, 0x0000000089500000, 0x0000000089500000|100%| E|CS|TAMS 0x0000000089400000, 0x0000000089500000| Complete 
| 127|0x0000000089500000, 0x0000000089600000, 0x0000000089600000|100%| E|CS|TAMS 0x0000000089500000, 0x0000000089600000| Complete 

Card table byte_map: [0x00000282e3980000,0x00000282e3d80000] _byte_map_base: 0x00000282e3575000

Marking Bits (Prev, Next): (CMBitMap*) 0x00000282d0bb3030, (CMBitMap*) 0x00000282d0bb2ff0
 Prev Bits: [0x00000282e6130000, 0x00000282e80d8000)
 Next Bits: [0x00000282e4180000, 0x00000282e6128000)

Polling page: 0x00000282ceaf0000

Metaspace:

Usage:
  Non-class:     54.18 MB capacity,    53.76 MB (>99%) used,   343.87 KB ( <1%) free+waste,    86.44 KB ( <1%) overhead. 
      Class:      8.15 MB capacity,     7.95 MB ( 98%) used,   172.29 KB (  2%) free+waste,    33.62 KB ( <1%) overhead. 
       Both:     62.33 MB capacity,    61.71 MB (>99%) used,   516.16 KB ( <1%) free+waste,   120.06 KB ( <1%) overhead. 

Virtual space:
  Non-class space:       56.00 MB reserved,      54.42 MB ( 97%) committed 
      Class space:        1.00 GB reserved,       8.20 MB ( <1%) committed 
             Both:        1.05 GB reserved,      62.62 MB (  6%) committed 

Chunk freelists:
   Non-Class:  0 bytes
       Class:  5.00 KB
        Both:  5.00 KB

MaxMetaspaceSize: 17179869184.00 GB
CompressedClassSpaceSize: 1.00 GB

CodeHeap 'non-profiled nmethods': size=238912Kb used=9215Kb max_used=9215Kb free=229696Kb
 bounds [0x00000282d4c30000, 0x00000282d5530000, 0x00000282e3580000]
CodeHeap 'non-nmethods': size=6848Kb used=1313Kb max_used=1313Kb free=5534Kb
 bounds [0x00000282d4580000, 0x00000282d47f0000, 0x00000282d4c30000]
 total_blobs=6575 nmethods=5960 adapters=542
 compilation: enabled
              stopped_count=0, restarted_count=0
 full_count=0

Compilation events (20 events):
Event: 154.110 Thread 0x00000282eae617b0 5951       1       java.util.concurrent.locks.AbstractQueuedSynchronizer$Node::setPrevRelaxed (12 bytes)
Event: 154.111 Thread 0x00000282eae617b0 nmethod 5951 0x00000282d552c510 code [0x00000282d552c6a0, 0x00000282d552c7b8]
Event: 154.654 Thread 0x00000282eae617b0 5952       1       java.util.concurrent.locks.AbstractQueuedSynchronizer::casTail (13 bytes)
Event: 154.654 Thread 0x00000282eae617b0 nmethod 5952 0x00000282d552c810 code [0x00000282d552c9a0, 0x00000282d552cab8]
Event: 157.647 Thread 0x00000282eae617b0 5953       1       java.util.concurrent.locks.AbstractQueuedSynchronizer$ConditionObject::awaitNanos (200 bytes)
Event: 157.650 Thread 0x00000282eae617b0 nmethod 5953 0x00000282d552cb10 code [0x00000282d552cd40, 0x00000282d552d588]
Event: 163.656 Thread 0x00000282eae617b0 5955       1       java.util.concurrent.locks.AbstractQueuedSynchronizer::enqueue (60 bytes)
Event: 163.657 Thread 0x00000282eae617b0 nmethod 5955 0x00000282d552db10 code [0x00000282d552dcc0, 0x00000282d552e088]
Event: 163.657 Thread 0x00000282eae617b0 5954       1       java.util.concurrent.locks.AbstractQueuedSynchronizer$ConditionObject::doSignal (54 bytes)
Event: 163.658 Thread 0x00000282eae617b0 nmethod 5954 0x00000282d552e210 code [0x00000282d552e3c0, 0x00000282d552e608]
Event: 164.123 Thread 0x00000282eae617b0 5956       1       org.apache.catalina.valves.ValveBase::getNext (5 bytes)
Event: 164.123 Thread 0x00000282eae617b0 nmethod 5956 0x00000282d552e790 code [0x00000282d552e920, 0x00000282d552e9d8]
Event: 164.123 Thread 0x00000282eae617b0 5957       1       java.util.concurrent.locks.ReentrantReadWriteLock$Sync::tryReleaseShared (146 bytes)
Event: 164.125 Thread 0x00000282eae617b0 nmethod 5957 0x00000282d552ea90 code [0x00000282d552ec80, 0x00000282d552f0a8]
Event: 166.405 Thread 0x00000282eae617b0 5958       1       java.util.Date::<init> (10 bytes)
Event: 166.406 Thread 0x00000282eae617b0 nmethod 5958 0x00000282d552f410 code [0x00000282d552f5a0, 0x00000282d552f658]
Event: 175.643 Thread 0x00000282eae617b0 5959       1       java.util.concurrent.ThreadPoolExecutor$Worker::unlock (7 bytes)
Event: 175.643 Thread 0x00000282eae617b0 nmethod 5959 0x00000282d552f710 code [0x00000282d552f8a0, 0x00000282d552f9a8]
Event: 181.080 Thread 0x00000282eae617b0 5960       1       java.net.Socket::isConnected (5 bytes)
Event: 181.080 Thread 0x00000282eae617b0 nmethod 5960 0x00000282d552fa90 code [0x00000282d552fc20, 0x00000282d552fcd8]

GC Heap History (20 events):
Event: 3.469 GC heap after
{Heap after GC invocations=10 (full 0):
 garbage-first heap   total 54272K, used 13661K [0x0000000081600000, 0x0000000100000000)
  region size 1024K, 4 young (4096K), 4 survivors (4096K)
 Metaspace       used 32095K, capacity 32585K, committed 32636K, reserved 1077248K
  class space    used 3842K, capacity 4022K, committed 4044K, reserved 1048576K
}
Event: 3.748 GC heap before
{Heap before GC invocations=10 (full 0):
 garbage-first heap   total 54272K, used 40285K [0x0000000081600000, 0x0000000100000000)
  region size 1024K, 31 young (31744K), 4 survivors (4096K)
 Metaspace       used 34119K, capacity 34604K, committed 34812K, reserved 1079296K
  class space    used 4103K, capacity 4290K, committed 4428K, reserved 1048576K
}
Event: 3.757 GC heap after
{Heap after GC invocations=11 (full 0):
 garbage-first heap   total 65536K, used 15149K [0x0000000081600000, 0x0000000100000000)
  region size 1024K, 2 young (2048K), 2 survivors (2048K)
 Metaspace       used 34119K, capacity 34604K, committed 34812K, reserved 1079296K
  class space    used 4103K, capacity 4290K, committed 4428K, reserved 1048576K
}
Event: 3.842 GC heap before
{Heap before GC invocations=11 (full 0):
 garbage-first heap   total 65536K, used 47917K [0x0000000081600000, 0x0000000100000000)
  region size 1024K, 35 young (35840K), 2 survivors (2048K)
 Metaspace       used 34582K, capacity 35116K, committed 35324K, reserved 1081344K
  class space    used 4145K, capacity 4354K, committed 4428K, reserved 1048576K
}
Event: 3.847 GC heap after
{Heap after GC invocations=12 (full 0):
 garbage-first heap   total 65536K, used 15138K [0x0000000081600000, 0x0000000100000000)
  region size 1024K, 2 young (2048K), 2 survivors (2048K)
 Metaspace       used 34582K, capacity 35116K, committed 35324K, reserved 1081344K
  class space    used 4145K, capacity 4354K, committed 4428K, reserved 1048576K
}
Event: 3.915 GC heap before
{Heap before GC invocations=12 (full 0):
 garbage-first heap   total 65536K, used 49954K [0x0000000081600000, 0x0000000100000000)
  region size 1024K, 37 young (37888K), 2 survivors (2048K)
 Metaspace       used 34833K, capacity 35308K, committed 35580K, reserved 1081344K
  class space    used 4170K, capacity 4354K, committed 4428K, reserved 1048576K
}
Event: 3.919 GC heap after
{Heap after GC invocations=13 (full 0):
 garbage-first heap   total 65536K, used 15201K [0x0000000081600000, 0x0000000100000000)
  region size 1024K, 2 young (2048K), 2 survivors (2048K)
 Metaspace       used 34833K, capacity 35308K, committed 35580K, reserved 1081344K
  class space    used 4170K, capacity 4354K, committed 4428K, reserved 1048576K
}
Event: 4.825 GC heap before
{Heap before GC invocations=13 (full 0):
 garbage-first heap   total 65536K, used 52065K [0x0000000081600000, 0x0000000100000000)
  region size 1024K, 38 young (38912K), 2 survivors (2048K)
 Metaspace       used 43042K, capacity 43597K, committed 43900K, reserved 1087488K
  class space    used 5333K, capacity 5514K, committed 5580K, reserved 1048576K
}
Event: 4.833 GC heap after
{Heap after GC invocations=14 (full 0):
 garbage-first heap   total 65536K, used 17186K [0x0000000081600000, 0x0000000100000000)
  region size 1024K, 4 young (4096K), 4 survivors (4096K)
 Metaspace       used 43042K, capacity 43597K, committed 43900K, reserved 1087488K
  class space    used 5333K, capacity 5514K, committed 5580K, reserved 1048576K
}
Event: 4.881 GC heap before
{Heap before GC invocations=14 (full 0):
 garbage-first heap   total 65536K, used 18210K [0x0000000081600000, 0x0000000100000000)
  region size 1024K, 6 young (6144K), 4 survivors (4096K)
 Metaspace       used 43577K, capacity 44109K, committed 44284K, reserved 1087488K
  class space    used 5400K, capacity 5578K, committed 5708K, reserved 1048576K
}
Event: 4.889 GC heap after
{Heap after GC invocations=15 (full 0):
 garbage-first heap   total 78848K, used 17407K [0x0000000081600000, 0x0000000100000000)
  region size 1024K, 3 young (3072K), 3 survivors (3072K)
 Metaspace       used 43577K, capacity 44109K, committed 44284K, reserved 1087488K
  class space    used 5400K, capacity 5578K, committed 5708K, reserved 1048576K
}
Event: 5.640 GC heap before
{Heap before GC invocations=16 (full 0):
 garbage-first heap   total 71680K, used 56319K [0x0000000081600000, 0x0000000100000000)
  region size 1024K, 42 young (43008K), 3 survivors (3072K)
 Metaspace       used 50401K, capacity 50961K, committed 51068K, reserved 1093632K
  class space    used 6298K, capacity 6513K, committed 6604K, reserved 1048576K
}
Event: 5.648 GC heap after
{Heap after GC invocations=17 (full 0):
 garbage-first heap   total 71680K, used 20230K [0x0000000081600000, 0x0000000100000000)
  region size 1024K, 6 young (6144K), 6 survivors (6144K)
 Metaspace       used 50401K, capacity 50961K, committed 51068K, reserved 1093632K
  class space    used 6298K, capacity 6513K, committed 6604K, reserved 1048576K
}
Event: 6.177 GC heap before
{Heap before GC invocations=17 (full 0):
 garbage-first heap   total 71680K, used 57094K [0x0000000081600000, 0x0000000100000000)
  region size 1024K, 42 young (43008K), 6 survivors (6144K)
 Metaspace       used 54942K, capacity 55460K, committed 55548K, reserved 1097728K
  class space    used 7000K, capacity 7196K, committed 7244K, reserved 1048576K
}
Event: 6.188 GC heap after
{Heap after GC invocations=18 (full 0):
 garbage-first heap   total 71680K, used 21236K [0x0000000081600000, 0x0000000100000000)
  region size 1024K, 5 young (5120K), 5 survivors (5120K)
 Metaspace       used 54942K, capacity 55460K, committed 55548K, reserved 1097728K
  class space    used 7000K, capacity 7196K, committed 7244K, reserved 1048576K
}
Event: 8.829 GC heap before
{Heap before GC invocations=18 (full 0):
 garbage-first heap   total 71680K, used 56052K [0x0000000081600000, 0x0000000100000000)
  region size 1024K, 39 young (39936K), 5 survivors (5120K)
 Metaspace       used 59167K, capacity 59799K, committed 60028K, reserved 1101824K
  class space    used 7581K, capacity 7803K, committed 7884K, reserved 1048576K
}
Event: 8.841 GC heap after
{Heap after GC invocations=19 (full 0):
 garbage-first heap   total 71680K, used 23864K [0x0000000081600000, 0x0000000100000000)
  region size 1024K, 4 young (4096K), 4 survivors (4096K)
 Metaspace       used 59167K, capacity 59799K, committed 60028K, reserved 1101824K
  class space    used 7581K, capacity 7803K, committed 7884K, reserved 1048576K
}
Event: 9.615 GC heap before
{Heap before GC invocations=19 (full 0):
 garbage-first heap   total 71680K, used 56632K [0x0000000081600000, 0x0000000100000000)
  region size 1024K, 36 young (36864K), 4 survivors (4096K)
 Metaspace       used 62984K, capacity 63645K, committed 63868K, reserved 1105920K
  class space    used 8106K, capacity 8310K, committed 8396K, reserved 1048576K
}
Event: 9.629 GC heap after
{Heap after GC invocations=20 (full 0):
 garbage-first heap   total 86016K, used 26839K [0x0000000081600000, 0x0000000100000000)
  region size 1024K, 5 young (5120K), 5 survivors (5120K)
 Metaspace       used 62984K, capacity 63645K, committed 63868K, reserved 1105920K
  class space    used 8106K, capacity 8310K, committed 8396K, reserved 1048576K
}
Event: 183.469 GC heap before
{Heap before GC invocations=20 (full 0):
 garbage-first heap   total 86016K, used 45271K [0x0000000081600000, 0x0000000100000000)
  region size 1024K, 24 young (24576K), 5 survivors (5120K)
 Metaspace       used 63189K, capacity 63826K, committed 64124K, reserved 1105920K
  class space    used 8141K, capacity 8347K, committed 8396K, reserved 1048576K
}

Deoptimization events (8 events):
Event: 2.874 Thread 0x00000282eaf7b3f0 DEOPT PACKING pc=0x00000282d4ef7b3c sp=0x000000d0f1cfce90
Event: 2.874 Thread 0x00000282eaf7b3f0 DEOPT UNPACKING pc=0x00000282d45ce23f sp=0x000000d0f1cfc3e8 mode 0
Event: 9.267 Thread 0x00000282eaf7b3f0 DEOPT PACKING pc=0x00000282d5068024 sp=0x000000d0f1cfe1d0
Event: 9.267 Thread 0x00000282eaf7b3f0 DEOPT UNPACKING pc=0x00000282d45ce23f sp=0x000000d0f1cfd898 mode 0
Event: 9.323 Thread 0x00000282eaf7b3f0 DEOPT PACKING pc=0x00000282d4f21842 sp=0x000000d0f1cfd620
Event: 9.323 Thread 0x00000282eaf7b3f0 DEOPT UNPACKING pc=0x00000282d45ce23f sp=0x000000d0f1cfcb28 mode 3
Event: 9.323 Thread 0x00000282eaf7b3f0 DEOPT PACKING pc=0x00000282d4ecd2a5 sp=0x000000d0f1cfd5e0
Event: 9.323 Thread 0x00000282eaf7b3f0 DEOPT UNPACKING pc=0x00000282d45ce23f sp=0x000000d0f1cfcb28 mode 3

Classes unloaded (0 events):
No events

Classes redefined (0 events):
No events

Internal exceptions (20 events):
Event: 8.931 Thread 0x00000282eaf7b3f0 Exception <a 'java/lang/NoSuchMethodError'{0x00000000867b4108}: 'java.lang.Object java.lang.invoke.DirectMethodHandle$Holder.invokeStatic(java.lang.Object, java.lang.Object, int, java.lang.Object)'> (0x00000000867b4108) 
thrown [./open/src/hotspot/share/interpreter/linkResolver.cpp, line 782]
Event: 8.932 Thread 0x00000282eaf7b3f0 Exception <a 'java/lang/NoSuchMethodError'{0x00000000867bbd50}: 'java.lang.Object java.lang.invoke.DirectMethodHandle$Holder.newInvokeSpecial(java.lang.Object, java.lang.Object, int)'> (0x00000000867bbd50) 
thrown [./open/src/hotspot/share/interpreter/linkResolver.cpp, line 782]
Event: 8.938 Thread 0x00000282eaf7b3f0 Exception <a 'java/lang/IncompatibleClassChangeError'{0x00000000867e9830}: Found class java.lang.Object, but interface was expected> (0x00000000867e9830) 
thrown [./open/src/hotspot/share/interpreter/linkResolver.cpp, line 848]
Event: 9.025 Thread 0x00000282eaf7b3f0 Exception <a 'java/lang/ClassNotFoundException'{0x0000000085349ff8}: java/lang/ObjectCustomizer> (0x0000000085349ff8) 
thrown [./open/src/hotspot/share/classfile/systemDictionary.cpp, line 295]
Event: 9.026 Thread 0x00000282eaf7b3f0 Exception <a 'java/lang/ClassNotFoundException'{0x0000000085352628}: org/springframework/web/servlet/config/annotation/WebMvcConfigurationSupportCustomizer> (0x0000000085352628) 
thrown [./open/src/hotspot/share/classfile/systemDictionary.cpp, line 295]
Event: 9.026 Thread 0x00000282eaf7b3f0 Exception <a 'java/lang/ClassNotFoundException'{0x0000000085365788}: org/springframework/web/servlet/config/annotation/DelegatingWebMvcConfigurationCustomizer> (0x0000000085365788) 
thrown [./open/src/hotspot/share/classfile/systemDictionary.cpp, line 295]
Event: 9.027 Thread 0x00000282eaf7b3f0 Exception <a 'java/lang/ClassNotFoundException'{0x000000008536f050}: org/springframework/boot/autoconfigure/web/servlet/WebMvcAutoConfiguration$EnableWebMvcConfigurationCustomizer> (0x000000008536f050) 
thrown [./open/src/hotspot/share/classfile/systemDictionary.cpp, line 295]
Event: 9.028 Thread 0x00000282eaf7b3f0 Exception <a 'java/lang/ClassNotFoundException'{0x0000000085382cb8}: org/springframework/context/ResourceLoaderAwareCustomizer> (0x0000000085382cb8) 
thrown [./open/src/hotspot/share/classfile/systemDictionary.cpp, line 295]
Event: 9.028 Thread 0x00000282eaf7b3f0 Exception <a 'java/lang/ClassNotFoundException'{0x0000000085388310}: org/springframework/beans/factory/AwareCustomizer> (0x0000000085388310) 
thrown [./open/src/hotspot/share/classfile/systemDictionary.cpp, line 295]
Event: 9.029 Thread 0x00000282eaf7b3f0 Exception <a 'java/lang/ClassNotFoundException'{0x000000008538cdc8}: org/springframework/context/ApplicationContextAwareCustomizer> (0x000000008538cdc8) 
thrown [./open/src/hotspot/share/classfile/systemDictionary.cpp, line 295]
Event: 9.029 Thread 0x00000282eaf7b3f0 Exception <a 'java/lang/ClassNotFoundException'{0x0000000085392ff0}: org/springframework/beans/factory/AwareCustomizer> (0x0000000085392ff0) 
thrown [./open/src/hotspot/share/classfile/systemDictionary.cpp, line 295]
Event: 9.029 Thread 0x00000282eaf7b3f0 Exception <a 'java/lang/ClassNotFoundException'{0x0000000085397a80}: org/springframework/web/context/ServletContextAwareCustomizer> (0x0000000085397a80) 
thrown [./open/src/hotspot/share/classfile/systemDictionary.cpp, line 295]
Event: 9.030 Thread 0x00000282eaf7b3f0 Exception <a 'java/lang/ClassNotFoundException'{0x000000008539d530}: org/springframework/beans/factory/AwareCustomizer> (0x000000008539d530) 
thrown [./open/src/hotspot/share/classfile/systemDictionary.cpp, line 295]
Event: 9.212 Thread 0x00000282eaf7b3f0 Exception <a 'java/lang/NoSuchMethodError'{0x0000000084b39fd8}: 'void java.lang.invoke.DirectMethodHandle$Holder.invokeVirtual(java.lang.Object, java.lang.Object, int)'> (0x0000000084b39fd8) 
thrown [./open/src/hotspot/share/interpreter/linkResolver.cpp, line 782]
Event: 9.214 Thread 0x00000282eaf7b3f0 Exception <a 'java/lang/NoSuchMethodError'{0x0000000084b56cf0}: 'void java.lang.invoke.DirectMethodHandle$Holder.invokeVirtual(java.lang.Object, java.lang.Object, long)'> (0x0000000084b56cf0) 
thrown [./open/src/hotspot/share/interpreter/linkResolver.cpp, line 782]
Event: 9.361 Thread 0x00000282eaf7b3f0 Exception <a 'java/lang/IncompatibleClassChangeError'{0x00000000846bb9d8}: Found class java.lang.Object, but interface was expected> (0x00000000846bb9d8) 
thrown [./open/src/hotspot/share/interpreter/linkResolver.cpp, line 848]
Event: 9.472 Thread 0x00000282eaf7b3f0 Exception <a 'java/lang/ClassNotFoundException'{0x00000000842a6028}: java/lang/ObjectCustomizer> (0x00000000842a6028) 
thrown [./open/src/hotspot/share/classfile/systemDictionary.cpp, line 295]
Event: 9.473 Thread 0x00000282eaf7b3f0 Exception <a 'java/lang/ClassNotFoundException'{0x00000000842aebf0}: ar/edu/unju/fi/tpfinal/models/OrdersCustomizer> (0x00000000842aebf0) 
thrown [./open/src/hotspot/share/classfile/systemDictionary.cpp, line 295]
Event: 9.487 Thread 0x00000282eaf7b3f0 Exception <a 'java/lang/ClassNotFoundException'{0x00000000841ab5b0}: java/lang/ObjectCustomizer> (0x00000000841ab5b0) 
thrown [./open/src/hotspot/share/classfile/systemDictionary.cpp, line 295]
Event: 9.488 Thread 0x00000282eaf7b3f0 Exception <a 'java/lang/ClassNotFoundException'{0x00000000841b4238}: ar/edu/unju/fi/tpfinal/models/PaymentCustomizer> (0x00000000841b4238) 
thrown [./open/src/hotspot/share/classfile/systemDictionary.cpp, line 295]

Events (20 events):
Event: 9.791 Thread 0x00000282ef66e210 Thread added: 0x00000282ef66e210
Event: 9.791 Thread 0x00000282ef66ca00 Thread added: 0x00000282ef66ca00
Event: 9.797 Thread 0x00000282ef66e210 Thread exited: 0x00000282ef66e210
Event: 10.824 Thread 0x00000282ed337570 Thread exited: 0x00000282ed337570
Event: 10.834 Thread 0x00000282ef66ca00 Thread exited: 0x00000282ef66ca00
Event: 10.879 Thread 0x00000282ed339720 Thread exited: 0x00000282ed339720
Event: 11.629 Executing VM operation: HandshakeAllThreads
Event: 11.630 Executing VM operation: HandshakeAllThreads done
Event: 37.635 Executing VM operation: HandshakeAllThreads
Event: 37.635 Executing VM operation: HandshakeAllThreads done
Event: 91.038 Thread 0x00000282eaf7a0b0 Thread exited: 0x00000282eaf7a0b0
Event: 91.038 Thread 0x00000282eaf7b3f0 Thread exited: 0x00000282eaf7b3f0
Event: 91.038 Thread 0x00000282ed3388b0 Thread exited: 0x00000282ed3388b0
Event: 91.038 Thread 0x00000282eaf7d0d0 Thread exited: 0x00000282eaf7d0d0
Event: 91.054 Thread 0x00000282ef670d60 Thread exited: 0x00000282ef670d60
Event: 91.054 Thread 0x00000282eaf7c260 Thread exited: 0x00000282eaf7c260
Event: 94.955 Executing VM operation: HandshakeAllThreads
Event: 94.955 Executing VM operation: HandshakeAllThreads done
Event: 134.208 Loaded shared library E:\Documentos-APU\PV-2021\instalacion\sts-4.10.0.RELEASE\plugins\org.eclipse.justj.openjdk.hotspot.jre.full.win32.x86_64_15.0.2.v20210201-0955\jre\bin\java.dll
Event: 183.469 Executing VM operation: G1TryInitiateConcMark


Dynamic libraries:
0x00007ff620850000 - 0x00007ff62085d000 	E:\Documentos-APU\PV-2021\instalacion\sts-4.10.0.RELEASE\plugins\org.eclipse.justj.openjdk.hotspot.jre.full.win32.x86_64_15.0.2.v20210201-0955\jre\bin\javaw.exe
0x00007ff82a230000 - 0x00007ff82a425000 	C:\WINDOWS\SYSTEM32\ntdll.dll
0x00007ff829e00000 - 0x00007ff829ebd000 	C:\WINDOWS\System32\KERNEL32.DLL
0x00007ff827a70000 - 0x00007ff827d38000 	C:\WINDOWS\System32\KERNELBASE.dll
0x00007ff827dc0000 - 0x00007ff827ec0000 	C:\WINDOWS\System32\ucrtbase.dll
0x00007ff824510000 - 0x00007ff824528000 	E:\Documentos-APU\PV-2021\instalacion\sts-4.10.0.RELEASE\plugins\org.eclipse.justj.openjdk.hotspot.jre.full.win32.x86_64_15.0.2.v20210201-0955\jre\bin\jli.dll
0x00007ff828290000 - 0x00007ff828430000 	C:\WINDOWS\System32\USER32.dll
0x00007ff828260000 - 0x00007ff828282000 	C:\WINDOWS\System32\win32u.dll
0x00007ff8288e0000 - 0x00007ff82890a000 	C:\WINDOWS\System32\GDI32.dll
0x00007ff827ff0000 - 0x00007ff8280fb000 	C:\WINDOWS\System32\gdi32full.dll
0x00007ff827970000 - 0x00007ff827a0d000 	C:\WINDOWS\System32\msvcp_win.dll
0x00007ff8244f0000 - 0x00007ff824509000 	E:\Documentos-APU\PV-2021\instalacion\sts-4.10.0.RELEASE\plugins\org.eclipse.justj.openjdk.hotspot.jre.full.win32.x86_64_15.0.2.v20210201-0955\jre\bin\VCRUNTIME140.dll
0x00007ff826d30000 - 0x00007ff826fca000 	C:\WINDOWS\WinSxS\amd64_microsoft.windows.common-controls_6595b64144ccf1df_6.0.19041.844_none_ca00b6081b84eb1d\COMCTL32.dll
0x00007ff829f30000 - 0x00007ff829fce000 	C:\WINDOWS\System32\msvcrt.dll
0x00007ff828440000 - 0x00007ff828470000 	C:\WINDOWS\System32\IMM32.DLL
0x00007ff8244e0000 - 0x00007ff8244ec000 	E:\Documentos-APU\PV-2021\instalacion\sts-4.10.0.RELEASE\plugins\org.eclipse.justj.openjdk.hotspot.jre.full.win32.x86_64_15.0.2.v20210201-0955\jre\bin\vcruntime140_1.dll
0x00007ffffad60000 - 0x00007ffffadf1000 	E:\Documentos-APU\PV-2021\instalacion\sts-4.10.0.RELEASE\plugins\org.eclipse.justj.openjdk.hotspot.jre.full.win32.x86_64_15.0.2.v20210201-0955\jre\bin\msvcp140.dll
0x00007fffde620000 - 0x00007fffdf17e000 	E:\Documentos-APU\PV-2021\instalacion\sts-4.10.0.RELEASE\plugins\org.eclipse.justj.openjdk.hotspot.jre.full.win32.x86_64_15.0.2.v20210201-0955\jre\bin\server\jvm.dll
0x00007ff828da0000 - 0x00007ff828e4c000 	C:\WINDOWS\System32\ADVAPI32.dll
0x00007ff8295b0000 - 0x00007ff82964b000 	C:\WINDOWS\System32\sechost.dll
0x00007ff828c70000 - 0x00007ff828d9b000 	C:\WINDOWS\System32\RPCRT4.dll
0x00007ff82a1e0000 - 0x00007ff82a1e8000 	C:\WINDOWS\System32\PSAPI.DLL
0x00007ff81e240000 - 0x00007ff81e249000 	C:\WINDOWS\SYSTEM32\WSOCK32.dll
0x00007ff8182d0000 - 0x00007ff8182f7000 	C:\WINDOWS\SYSTEM32\WINMM.dll
0x00007ff829ec0000 - 0x00007ff829f2b000 	C:\WINDOWS\System32\WS2_32.dll
0x00007ff818b20000 - 0x00007ff818b2a000 	C:\WINDOWS\SYSTEM32\VERSION.dll
0x00007ff824af0000 - 0x00007ff824b02000 	C:\WINDOWS\SYSTEM32\kernel.appcore.dll
0x00007ff816fa0000 - 0x00007ff816faa000 	E:\Documentos-APU\PV-2021\instalacion\sts-4.10.0.RELEASE\plugins\org.eclipse.justj.openjdk.hotspot.jre.full.win32.x86_64_15.0.2.v20210201-0955\jre\bin\jimage.dll
0x00007ff827100000 - 0x00007ff8272e4000 	C:\WINDOWS\SYSTEM32\DBGHELP.DLL
0x00007ff8270d0000 - 0x00007ff8270fc000 	C:\WINDOWS\SYSTEM32\dbgcore.DLL
0x00007ff827ec0000 - 0x00007ff827f40000 	C:\WINDOWS\System32\bcryptPrimitives.dll
0x00007ff808f60000 - 0x00007ff808f85000 	E:\Documentos-APU\PV-2021\instalacion\sts-4.10.0.RELEASE\plugins\org.eclipse.justj.openjdk.hotspot.jre.full.win32.x86_64_15.0.2.v20210201-0955\jre\bin\java.dll
0x00007ff807690000 - 0x00007ff8076a8000 	E:\Documentos-APU\PV-2021\instalacion\sts-4.10.0.RELEASE\plugins\org.eclipse.justj.openjdk.hotspot.jre.full.win32.x86_64_15.0.2.v20210201-0955\jre\bin\zip.dll
0x00007ff8296b0000 - 0x00007ff829df2000 	C:\WINDOWS\System32\SHELL32.dll
0x00007ff824df0000 - 0x00007ff825580000 	C:\WINDOWS\SYSTEM32\windows.storage.dll
0x00007ff828910000 - 0x00007ff828c65000 	C:\WINDOWS\System32\combase.dll
0x00007ff826c90000 - 0x00007ff826cbc000 	C:\WINDOWS\SYSTEM32\Wldp.dll
0x00007ff829500000 - 0x00007ff8295ae000 	C:\WINDOWS\System32\SHCORE.dll
0x00007ff8294a0000 - 0x00007ff8294f5000 	C:\WINDOWS\System32\shlwapi.dll
0x00007ff8278b0000 - 0x00007ff8278cf000 	C:\WINDOWS\SYSTEM32\profapi.dll
0x00007ff8040f0000 - 0x00007ff804109000 	E:\Documentos-APU\PV-2021\instalacion\sts-4.10.0.RELEASE\plugins\org.eclipse.justj.openjdk.hotspot.jre.full.win32.x86_64_15.0.2.v20210201-0955\jre\bin\net.dll
0x00007ff8209a0000 - 0x00007ff820aab000 	C:\WINDOWS\SYSTEM32\WINHTTP.dll
0x00007ff826b70000 - 0x00007ff826bda000 	C:\WINDOWS\system32\mswsock.dll
0x00007ff8040d0000 - 0x00007ff8040e2000 	E:\Documentos-APU\PV-2021\instalacion\sts-4.10.0.RELEASE\plugins\org.eclipse.justj.openjdk.hotspot.jre.full.win32.x86_64_15.0.2.v20210201-0955\jre\bin\nio.dll
0x00007ff8244d0000 - 0x00007ff8244d9000 	E:\Documentos-APU\PV-2021\instalacion\sts-4.10.0.RELEASE\plugins\org.eclipse.justj.openjdk.hotspot.jre.full.win32.x86_64_15.0.2.v20210201-0955\jre\bin\management.dll
0x00007ff81e600000 - 0x00007ff81e60b000 	E:\Documentos-APU\PV-2021\instalacion\sts-4.10.0.RELEASE\plugins\org.eclipse.justj.openjdk.hotspot.jre.full.win32.x86_64_15.0.2.v20210201-0955\jre\bin\management_ext.dll
0x00007ff811ee0000 - 0x00007ff811ef7000 	C:\WINDOWS\system32\napinsp.dll
0x00007ff811cf0000 - 0x00007ff811d0b000 	C:\WINDOWS\system32\pnrpnsp.dll
0x00007ff80f220000 - 0x00007ff80f235000 	C:\WINDOWS\system32\wshbth.dll
0x00007ff822830000 - 0x00007ff82284d000 	C:\WINDOWS\system32\NLAapi.dll
0x00007ff8266f0000 - 0x00007ff82672b000 	C:\WINDOWS\SYSTEM32\IPHLPAPI.DLL
0x00007ff826730000 - 0x00007ff8267fc000 	C:\WINDOWS\SYSTEM32\DNSAPI.dll
0x00007ff829fd0000 - 0x00007ff829fd8000 	C:\WINDOWS\System32\NSI.dll
0x00007ff80f200000 - 0x00007ff80f212000 	C:\WINDOWS\System32\winrnr.dll
0x00007ff81bf10000 - 0x00007ff81bf1a000 	C:\Windows\System32\rasadhlp.dll
0x00007ff81bf50000 - 0x00007ff81bfcf000 	C:\WINDOWS\System32\fwpuclnt.dll
0x00007ff827d90000 - 0x00007ff827db7000 	C:\WINDOWS\System32\bcrypt.dll
0x00007ff827630000 - 0x00007ff827648000 	C:\WINDOWS\SYSTEM32\CRYPTSP.dll
0x00007ff8263c0000 - 0x00007ff8263f4000 	C:\WINDOWS\system32\rsaenh.dll
0x00007ff827830000 - 0x00007ff82785e000 	C:\WINDOWS\SYSTEM32\USERENV.dll
0x00007ff826c50000 - 0x00007ff826c5c000 	C:\WINDOWS\SYSTEM32\CRYPTBASE.dll
0x00007ff820ab0000 - 0x00007ff820ac7000 	C:\WINDOWS\SYSTEM32\dhcpcsvc6.DLL
0x00007ff820ba0000 - 0x00007ff820bbd000 	C:\WINDOWS\SYSTEM32\dhcpcsvc.DLL
0x00007ff81e570000 - 0x00007ff81e580000 	E:\Documentos-APU\PV-2021\instalacion\sts-4.10.0.RELEASE\plugins\org.eclipse.justj.openjdk.hotspot.jre.full.win32.x86_64_15.0.2.v20210201-0955\jre\bin\verify.dll
0x00007ff81e480000 - 0x00007ff81e48d000 	E:\Documentos-APU\PV-2021\instalacion\sts-4.10.0.RELEASE\plugins\org.eclipse.justj.openjdk.hotspot.jre.full.win32.x86_64_15.0.2.v20210201-0955\jre\bin\sunmscapi.dll
0x00007ff828100000 - 0x00007ff82825f000 	C:\WINDOWS\System32\CRYPT32.dll
0x00007ff826d00000 - 0x00007ff826d27000 	C:\WINDOWS\SYSTEM32\ncrypt.dll
0x00007ff826cc0000 - 0x00007ff826cfb000 	C:\WINDOWS\SYSTEM32\NTASN1.dll

dbghelp: loaded successfully - version: 4.0.5 - missing functions: none
symbol engine: initialized successfully - sym options: 0x614 - pdb path: .;E:\Documentos-APU\PV-2021\instalacion\sts-4.10.0.RELEASE\plugins\org.eclipse.justj.openjdk.hotspot.jre.full.win32.x86_64_15.0.2.v20210201-0955\jre\bin;C:\WINDOWS\SYSTEM32;C:\WINDOWS\WinSxS\amd64_microsoft.windows.common-controls_6595b64144ccf1df_6.0.19041.844_none_ca00b6081b84eb1d;E:\Documentos-APU\PV-2021\instalacion\sts-4.10.0.RELEASE\plugins\org.eclipse.justj.openjdk.hotspot.jre.full.win32.x86_64_15.0.2.v20210201-0955\jre\bin\server

VM Arguments:
jvm_args: -Dcom.sun.management.jmxremote -Dcom.sun.management.jmxremote.port=61057 -Dcom.sun.management.jmxremote.authenticate=false -Dcom.sun.management.jmxremote.ssl=false -Djava.rmi.server.hostname=localhost -Dspring.jmx.enabled=true -Dspring.application.admin.enabled=true -XX:TieredStopAtLevel=1 -Dspring.boot.project.name=Trabajo-final-ProgVisual -Dfile.encoding=UTF-8 -XX:+ShowCodeDetailsInExceptionMessages 
java_command: ar.edu.unju.fi.tpfinal.TrabajoFinalProgVisualApplication --spring.output.ansi.enabled=always
java_class_path (initial): E:\Documentos-APU\PV-2021\final\Trabajo-final-ProgVisual\target\classes;C:\Users\Diego\.m2\repository\org\springframework\boot\spring-boot-starter-data-jpa\2.3.12.BUILD-SNAPSHOT\spring-boot-starter-data-jpa-2.3.12.BUILD-SNAPSHOT.jar;C:\Users\Diego\.m2\repository\org\springframework\boot\spring-boot-starter-aop\2.3.12.BUILD-SNAPSHOT\spring-boot-starter-aop-2.3.12.BUILD-SNAPSHOT.jar;C:\Users\Diego\.m2\repository\org\springframework\spring-aop\5.2.15.RELEASE\spring-aop-5.2.15.RELEASE.jar;C:\Users\Diego\.m2\repository\org\aspectj\aspectjweaver\1.9.6\aspectjweaver-1.9.6.jar;C:\Users\Diego\.m2\repository\org\springframework\boot\spring-boot-starter-jdbc\2.3.12.BUILD-SNAPSHOT\spring-boot-starter-jdbc-2.3.12.BUILD-SNAPSHOT.jar;C:\Users\Diego\.m2\repository\com\zaxxer\HikariCP\3.4.5\HikariCP-3.4.5.jar;C:\Users\Diego\.m2\repository\org\springframework\spring-jdbc\5.2.15.RELEASE\spring-jdbc-5.2.15.RELEASE.jar;C:\Users\Diego\.m2\repository\jakarta\transaction\jakarta.transaction-api\1.3.3\jakarta.transaction-api-1.3.3.jar;C:\Users\Diego\.m2\repository\jakarta\persistence\jakarta.persistence-api\2.2.3\jakarta.persistence-api-2.2.3.jar;C:\Users\Diego\.m2\repository\org\hibernate\hibernate-core\5.4.32.Final\hibernate-core-5.4.32.Final.jar;C:\Users\Diego\.m2\repository\org\jboss\logging\jboss-logging\3.4.2.Final\jboss-logging-3.4.2.Final.jar;C:\Users\Diego\.m2\repository\org\javassist\javassist\3.27.0-GA\javassist-3.27.0-GA.jar;C:\Users\Diego\.m2\repository\net\bytebuddy\byte-buddy\1.10.22\byte-buddy-1.10.22.jar;C:\Users\Diego\.m2\repository\antlr\antlr\2.7.7\antlr-2.7.7.jar;C:\Users\Diego\.m2\repository\org\jboss\jandex\2.2.3.Final\jandex-2.2.3.Final.jar;C:\Users\Diego\.m2\repository\com\fasterxml\classmate\1.5.1\classmate-1.5.1.jar;C:\Users\Diego\.m2\repository\org\dom4j\dom4j\2.1.3\dom4j-2.1.3.jar;C:\Users\Diego\.m2\repository\org\hibernate\common\hibernate-commons-annotations\5.1.2.Final\hibernate-commons-annotations-5.1.2.Final.jar;C:\Users\Diego\.
Launcher Type: SUN_STANDARD

[Global flags]
     intx CICompilerCount                          = 3                                         {product} {ergonomic}
     uint ConcGCThreads                            = 1                                         {product} {ergonomic}
     uint G1ConcRefinementThreads                  = 4                                         {product} {ergonomic}
   size_t G1HeapRegionSize                         = 1048576                                   {product} {ergonomic}
    uintx GCDrainStackTargetSize                   = 64                                        {product} {ergonomic}
   size_t InitialHeapSize                          = 134217728                                 {product} {ergonomic}
     bool ManagementServer                         = true                                      {product} {command line}
   size_t MarkStackSize                            = 4194304                                   {product} {ergonomic}
   size_t MaxHeapSize                              = 2124414976                                {product} {ergonomic}
   size_t MaxNewSize                               = 1274019840                                {product} {ergonomic}
   size_t MinHeapDeltaBytes                        = 1048576                                   {product} {ergonomic}
   size_t MinHeapSize                              = 8388608                                   {product} {ergonomic}
    uintx NonNMethodCodeHeapSize                   = 6973028                                {pd product} {ergonomic}
    uintx NonProfiledCodeHeapSize                  = 244685212                              {pd product} {ergonomic}
    uintx ProfiledCodeHeapSize                     = 0                                      {pd product} {ergonomic}
    uintx ReservedCodeCacheSize                    = 251658240                              {pd product} {ergonomic}
     bool SegmentedCodeCache                       = true                                      {product} {ergonomic}
     bool ShowCodeDetailsInExceptionMessages       = true                                   {manageable} {command line}
   size_t SoftMaxHeapSize                          = 2124414976                             {manageable} {ergonomic}
     intx TieredStopAtLevel                        = 1                                         {product} {command line}
     bool UseCompressedClassPointers               = true                                 {lp64_product} {ergonomic}
     bool UseCompressedOops                        = true                                 {lp64_product} {ergonomic}
     bool UseG1GC                                  = true                                      {product} {ergonomic}
     bool UseLargePagesIndividualAllocation        = false                                  {pd product} {ergonomic}

Logging:
Log output configuration:
 #0: stdout all=warning uptime,level,tags
 #1: stderr all=off uptime,level,tags

Environment Variables:
JAVA_HOME=E:\Documentos-APU\PV-2021\instalacion\OpenJDK11U-jdk_x64_windows_hotspot_11.0.10_9\jdk-11.0.10+9
PATH=E:/Documentos-APU/PV-2021/instalacion/sts-4.10.0.RELEASE//plugins/org.eclipse.justj.openjdk.hotspot.jre.full.win32.x86_64_15.0.2.v20210201-0955/jre/bin/server;E:/Documentos-APU/PV-2021/instalacion/sts-4.10.0.RELEASE//plugins/org.eclipse.justj.openjdk.hotspot.jre.full.win32.x86_64_15.0.2.v20210201-0955/jre/bin;C:\Program Files\AdoptOpenJDK\jdk-11.0.10.9-hotspot\bin;C:\Program Files\Common Files\Oracle\Java\javapath;C:\Program Files (x86)\Common Files\Oracle\Java\javapath;C:\ProgramData\Oracle\Java\javapath;C:\WINDOWS\system32;C:\WINDOWS;C:\WINDOWS\System32\Wbem;C:\WINDOWS\System32\WindowsPowerShell\v1.0\;C:\WINDOWS\System32\OpenSSH\;C:\Program Files\Docker\Docker\resources\bin;C:\ProgramData\DockerDesktop\version-bin;C:\Program Files\Microsoft SQL Server\130\Tools\Binn\;C:\Program Files\Java\jdk1.8.0_101\bin;c:\Program Files (x86)\Microsoft SQL Server\110\Tools\Binn\;c:\Program Files\Microsoft SQL Server\110\Tools\Binn\;c:\Program Files\Microsoft SQL Server\110\DTS\Binn\;C:\Program Files\Microsoft SQL Server\Client SDK\ODBC\170\Tools\Binn\;C:\ProgramData\chocolatey\bin;C:\Program Files\Git\cmd;C:\Program Files\nodejs\;C:\Program Files\MySQL\MySQL Shell 8.0\bin\;C:\Users\Diego\AppData\Local\Microsoft\WindowsApps;C:\Users\Diego\AppData\Local\Programs\Microsoft VS Code\bin;C:\Program Files\AdoptOpenJDK\jdk-11.0.10.9-hotspot\bin;C:\Program Files\Java\jdk-11.0.10\bin;E:\Documentos-APU\PV-2021\instalacion\OpenJDK11U-jdk_x64_windows_hotspot_11.0.10_9\jdk-11.0.10+9\bin;C:\Users\Diego\AppData\Roaming\npm;E:\Documentos-APU\PV-2021\instalacion\sts-4.10.0.RELEASE;
USERNAME=Diego
OS=Windows_NT
PROCESSOR_IDENTIFIER=Intel64 Family 6 Model 42 Stepping 7, GenuineIntel



---------------  S Y S T E M  ---------------

OS:
 Windows 10 , 64 bit Build 19041 (10.0.19041.928)
OS uptime: 0 days 13:00 hours

CPU: total 4 (initial active 4) (2 cores per cpu, 2 threads per core) family 6 model 42 stepping 7 microcode 0x2f, cmov, cx8, fxsr, mmx, sse, sse2, sse3, ssse3, sse4.1, sse4.2, popcnt, vzeroupper, avx, clmul, ht, tsc, tscinvbit, clflush

Memory: 4k page, system-wide physical 8101M (3289M free)
TotalPageFile size 9381M (AvailPageFile size 3387M)
current process WorkingSet (physical memory assigned to process): 218M, peak: 218M
current process commit charge ("private bytes"): 246M, peak: 248M

vm_info: OpenJDK 64-Bit Server VM (15.0.2+7-27) for windows-amd64 JRE (15.0.2+7-27), built on Dec  7 2020 20:02:38 by "mach5one" with unknown MS VC++:1925

END.
